ParseStarterProject/build/outputs/logs/manifest-merger-debug-report.txt
-- Merging decision tree log ---
manifest
ADDED from Parse-Starter-Project-1.8.0/ParseStarterProject/AndroidManifest.xml:2:1-196:12
	xmlns:android
		ADDED from Parse-Starter-Project-1.8.0/ParseStarterProject/AndroidManifest.xml:2:11-69
	package
		ADDED from Parse-Starter-Project-1.8.0/ParseStarterProject/AndroidManifest.xml:3:5-33
	android:versionName
		ADDED from Parse-Starter-Project-1.8.0/ParseStarterProject/AndroidManifest.xml:5:5-30
	android:versionCode
		ADDED from Parse-Starter-Project-1.8.0/ParseStarterProject/AndroidManifest.xml:4:5-28
		INJECTED from Parse-Starter-Project-1.8.0/ParseStarterProject/AndroidManifest.xml
		INJECTED from Parse-Starter-Project-1.8.0/ParseStarterProject/AndroidManifest.xml
uses-sdk
ADDED from Parse-Starter-Project-1.8.0/ParseStarterProject/AndroidManifest.xml:7:5-9:41
MERGED from [com.android.support:appcompat-v7:23.1.0] AndroidManifest.xml:20:5-43
MERGED from [com.android.support:support-v4:23.1.0] AndroidManifest.xml:20:5-43
MERGED from [com.android.support:support-v4:23.1.0] AndroidManifest.xml:20:5-43
MERGED from [com.android.support:cardview-v7:23.1.0] AndroidManifest.xml:20:5-43
MERGED from [com.android.support:recyclerview-v7:23.1.0] AndroidManifest.xml:20:5-43
MERGED from [com.android.support:support-v4:23.1.0] AndroidManifest.xml:20:5-43
MERGED from [com.android.support:design:23.1.0] AndroidManifest.xml:20:5-43
MERGED from [com.android.support:appcompat-v7:23.1.0] AndroidManifest.xml:20:5-43
MERGED from [com.android.support:support-v4:23.1.0] AndroidManifest.xml:20:5-43
MERGED from [com.android.support:recyclerview-v7:23.1.0] AndroidManifest.xml:20:5-43
MERGED from [com.android.support:support-v4:23.1.0] AndroidManifest.xml:20:5-43
MERGED from [com.android.support:support-v4:23.1.0] AndroidManifest.xml:20:5-43
MERGED from [com.google.android.gms:play-services-gcm:8.1.0] AndroidManifest.xml:18:5-42
MERGED from [com.google.android.gms:play-services-base:8.1.0] AndroidManifest.xml:18:5-42
MERGED from [com.google.android.gms:play-services-basement:8.1.0] AndroidManifest.xml:18:5-42
MERGED from [com.android.support:support-v4:23.1.0] AndroidManifest.xml:20:5-43
MERGED from [com.google.android.gms:play-services-maps:8.1.0] AndroidManifest.xml:27:5-42
MERGED from [com.google.android.gms:play-services-base:8.1.0] AndroidManifest.xml:18:5-42
MERGED from [com.google.android.gms:play-services-basement:8.1.0] AndroidManifest.xml:18:5-42
MERGED from [com.android.support:support-v4:23.1.0] AndroidManifest.xml:20:5-43
MERGED from [de.hdodenhof:circleimageview:2.0.0] AndroidManifest.xml:5:5-7:41
MERGED from [com.instabug.library:instabugsupport:1.7] AndroidManifest.xml:5:5-7:41
MERGED from [com.instabug.library:instabugcore:1.7] AndroidManifest.xml:5:5-7:41
MERGED from [com.squareup.leakcanary:leakcanary-android:1.3.1] AndroidManifest.xml:20:5-22:41
	android:targetSdkVersion
		ADDED from Parse-Starter-Project-1.8.0/ParseStarterProject/AndroidManifest.xml:9:9-38
		INJECTED from Parse-Starter-Project-1.8.0/ParseStarterProject/AndroidManifest.xml
		INJECTED from Parse-Starter-Project-1.8.0/ParseStarterProject/AndroidManifest.xml
	android:minSdkVersion
		ADDED from Parse-Starter-Project-1.8.0/ParseStarterProject/AndroidManifest.xml:8:9-35
		INJECTED from Parse-Starter-Project-1.8.0/ParseStarterProject/AndroidManifest.xml
		INJECTED from Parse-Starter-Project-1.8.0/ParseStarterProject/AndroidManifest.xml
permission#com.parse.ummalibu.permission.MAPS_RECEIVE
ADDED from Parse-Starter-Project-1.8.0/ParseStarterProject/AndroidManifest.xml:11:5-13:47
	android:protectionLevel
		ADDED from Parse-Starter-Project-1.8.0/ParseStarterProject/AndroidManifest.xml:13:9-44
	android:name
		ADDED from Parse-Starter-Project-1.8.0/ParseStarterProject/AndroidManifest.xml:12:9-66
uses-permission#com.parse.ummalibu.permission.MAPS_RECEIVE
ADDED from Parse-Starter-Project-1.8.0/ParseStarterProject/AndroidManifest.xml:15:5-82
	android:name
		ADDED from Parse-Starter-Project-1.8.0/ParseStarterProject/AndroidManifest.xml:15:22-79
uses-permission#android.permission.INTERNET
ADDED from Parse-Starter-Project-1.8.0/ParseStarterProject/AndroidManifest.xml:16:5-67
MERGED from [com.google.android.gms:play-services-gcm:8.1.0] AndroidManifest.xml:22:5-67
MERGED from [com.google.android.gms:play-services-maps:8.1.0] AndroidManifest.xml:21:5-66
MERGED from [com.instabug.library:instabugcore:1.7] AndroidManifest.xml:13:5-67
	android:name
		ADDED from Parse-Starter-Project-1.8.0/ParseStarterProject/AndroidManifest.xml:16:22-64
uses-permission#android.permission.ACCESS_NETWORK_STATE
ADDED from Parse-Starter-Project-1.8.0/ParseStarterProject/AndroidManifest.xml:17:5-79
MERGED from [com.google.android.gms:play-services-maps:8.1.0] AndroidManifest.xml:20:5-78
MERGED from [com.instabug.library:instabugcore:1.7] AndroidManifest.xml:9:5-79
	android:name
		ADDED from Parse-Starter-Project-1.8.0/ParseStarterProject/AndroidManifest.xml:17:22-76
uses-permission#android.permission.BLUETOOTH
ADDED from Parse-Starter-Project-1.8.0/ParseStarterProject/AndroidManifest.xml:18:5-68
	android:name
		ADDED from Parse-Starter-Project-1.8.0/ParseStarterProject/AndroidManifest.xml:18:22-65
uses-permission#android.permission.WRITE_EXTERNAL_STORAGE
ADDED from Parse-Starter-Project-1.8.0/ParseStarterProject/AndroidManifest.xml:19:5-81
MERGED from [com.google.android.gms:play-services-maps:8.1.0] AndroidManifest.xml:22:5-80
MERGED from [com.instabug.library:instabugcore:1.7] AndroidManifest.xml:10:5-81
MERGED from [com.squareup.leakcanary:leakcanary-android:1.3.1] AndroidManifest.xml:25:5-81
	android:name
		ADDED from Parse-Starter-Project-1.8.0/ParseStarterProject/AndroidManifest.xml:19:22-78
uses-permission#android.permission.READ_PHONE_STATE
ADDED from Parse-Starter-Project-1.8.0/ParseStarterProject/AndroidManifest.xml:21:5-75
	android:name
		ADDED from Parse-Starter-Project-1.8.0/ParseStarterProject/AndroidManifest.xml:21:22-72
uses-permission#android.permission.READ_EXTERNAL_STORAGE
ADDED from Parse-Starter-Project-1.8.0/ParseStarterProject/AndroidManifest.xml:22:5-80
MERGED from [com.instabug.library:instabugcore:1.7] AndroidManifest.xml:11:5-80
	android:name
		ADDED from Parse-Starter-Project-1.8.0/ParseStarterProject/AndroidManifest.xml:22:22-77
uses-permission#android.permission.WAKE_LOCK
ADDED from Parse-Starter-Project-1.8.0/ParseStarterProject/AndroidManifest.xml:24:5-68
	android:name
		ADDED from Parse-Starter-Project-1.8.0/ParseStarterProject/AndroidManifest.xml:24:22-65
uses-permission#android.permission.RECEIVE_BOOT_COMPLETED
ADDED from Parse-Starter-Project-1.8.0/ParseStarterProject/AndroidManifest.xml:25:5-81
	android:name
		ADDED from Parse-Starter-Project-1.8.0/ParseStarterProject/AndroidManifest.xml:25:22-78
uses-permission#android.permission.VIBRATE
ADDED from Parse-Starter-Project-1.8.0/ParseStarterProject/AndroidManifest.xml:26:5-66
	android:name
		ADDED from Parse-Starter-Project-1.8.0/ParseStarterProject/AndroidManifest.xml:26:22-63
uses-permission#android.permission.GET_ACCOUNTS
ADDED from Parse-Starter-Project-1.8.0/ParseStarterProject/AndroidManifest.xml:27:5-71
	android:name
		ADDED from Parse-Starter-Project-1.8.0/ParseStarterProject/AndroidManifest.xml:27:22-68
uses-permission#com.google.android.c2dm.permission.RECEIVE
ADDED from Parse-Starter-Project-1.8.0/ParseStarterProject/AndroidManifest.xml:28:5-82
MERGED from [com.google.android.gms:play-services-gcm:8.1.0] AndroidManifest.xml:21:5-82
	android:name
		ADDED from Parse-Starter-Project-1.8.0/ParseStarterProject/AndroidManifest.xml:28:22-79
permission#com.parse.ummalibu.permission.C2D_MESSAGE
ADDED from Parse-Starter-Project-1.8.0/ParseStarterProject/AndroidManifest.xml:34:5-36:47
	android:protectionLevel
		ADDED from Parse-Starter-Project-1.8.0/ParseStarterProject/AndroidManifest.xml:36:9-44
	android:name
		ADDED from Parse-Starter-Project-1.8.0/ParseStarterProject/AndroidManifest.xml:35:9-65
uses-permission#com.parse.ummalibu.permission.C2D_MESSAGE
ADDED from Parse-Starter-Project-1.8.0/ParseStarterProject/AndroidManifest.xml:38:5-81
	android:name
		ADDED from Parse-Starter-Project-1.8.0/ParseStarterProject/AndroidManifest.xml:38:22-78
uses-permission#com.google.android.providers.gsf.permission.READ_GSERVICES
ADDED from Parse-Starter-Project-1.8.0/ParseStarterProject/AndroidManifest.xml:39:5-98
	android:name
		ADDED from Parse-Starter-Project-1.8.0/ParseStarterProject/AndroidManifest.xml:39:22-95
uses-permission#android.permission.ACCESS_COARSE_LOCATION
ADDED from Parse-Starter-Project-1.8.0/ParseStarterProject/AndroidManifest.xml:44:5-81
	android:name
		ADDED from Parse-Starter-Project-1.8.0/ParseStarterProject/AndroidManifest.xml:44:22-78
uses-permission#android.permission.ACCESS_FINE_LOCATION
ADDED from Parse-Starter-Project-1.8.0/ParseStarterProject/AndroidManifest.xml:45:5-79
	android:name
		ADDED from Parse-Starter-Project-1.8.0/ParseStarterProject/AndroidManifest.xml:45:22-76
uses-feature#0x00020000
ADDED from Parse-Starter-Project-1.8.0/ParseStarterProject/AndroidManifest.xml:47:5-49:35
MERGED from [com.google.android.gms:play-services-maps:8.1.0] AndroidManifest.xml:23:5-25:33
	android:required
		ADDED from Parse-Starter-Project-1.8.0/ParseStarterProject/AndroidManifest.xml:49:9-32
	android:glEsVersion
		ADDED from Parse-Starter-Project-1.8.0/ParseStarterProject/AndroidManifest.xml:48:9-41
application
ADDED from Parse-Starter-Project-1.8.0/ParseStarterProject/AndroidManifest.xml:51:5-194:19
MERGED from [com.android.support:appcompat-v7:23.1.0] AndroidManifest.xml:22:5-20
MERGED from [com.android.support:support-v4:23.1.0] AndroidManifest.xml:22:5-20
MERGED from [com.android.support:support-v4:23.1.0] AndroidManifest.xml:22:5-20
MERGED from [com.android.support:cardview-v7:23.1.0] AndroidManifest.xml:22:5-20
MERGED from [com.android.support:support-v4:23.1.0] AndroidManifest.xml:22:5-20
MERGED from [com.android.support:design:23.1.0] AndroidManifest.xml:22:5-20
MERGED from [com.android.support:appcompat-v7:23.1.0] AndroidManifest.xml:22:5-20
MERGED from [com.android.support:support-v4:23.1.0] AndroidManifest.xml:22:5-20
MERGED from [com.android.support:support-v4:23.1.0] AndroidManifest.xml:22:5-20
MERGED from [com.android.support:support-v4:23.1.0] AndroidManifest.xml:22:5-20
MERGED from [com.google.android.gms:play-services-gcm:8.1.0] AndroidManifest.xml:24:5-20
MERGED from [com.google.android.gms:play-services-basement:8.1.0] AndroidManifest.xml:20:5-24:19
MERGED from [com.android.support:support-v4:23.1.0] AndroidManifest.xml:22:5-20
MERGED from [com.google.android.gms:play-services-maps:8.1.0] AndroidManifest.xml:28:5-20
MERGED from [com.google.android.gms:play-services-basement:8.1.0] AndroidManifest.xml:20:5-24:19
MERGED from [com.android.support:support-v4:23.1.0] AndroidManifest.xml:22:5-20
MERGED from [de.hdodenhof:circleimageview:2.0.0] AndroidManifest.xml:9:5-20
MERGED from [com.instabug.library:instabugsupport:1.7] AndroidManifest.xml:9:5-10:19
MERGED from [com.instabug.library:instabugcore:1.7] AndroidManifest.xml:15:5-27:19
MERGED from [com.squareup.leakcanary:leakcanary-android:1.3.1] AndroidManifest.xml:27:5-49:19
	android:label
		ADDED from Parse-Starter-Project-1.8.0/ParseStarterProject/AndroidManifest.xml:56:9-41
	android:allowBackup
		ADDED from Parse-Starter-Project-1.8.0/ParseStarterProject/AndroidManifest.xml:53:9-35
	android:icon
		ADDED from Parse-Starter-Project-1.8.0/ParseStarterProject/AndroidManifest.xml:55:9-43
	android:theme
		ADDED from Parse-Starter-Project-1.8.0/ParseStarterProject/AndroidManifest.xml:57:9-42
	android:hardwareAccelerated
		ADDED from Parse-Starter-Project-1.8.0/ParseStarterProject/AndroidManifest.xml:54:9-43
	android:name
		ADDED from Parse-Starter-Project-1.8.0/ParseStarterProject/AndroidManifest.xml:52:9-59
activity#com.parse.ummalibu.SermonsActivity
ADDED from Parse-Starter-Project-1.8.0/ParseStarterProject/AndroidManifest.xml:58:9-61:20
	android:label
		ADDED from Parse-Starter-Project-1.8.0/ParseStarterProject/AndroidManifest.xml:60:13-36
	android:name
		ADDED from Parse-Starter-Project-1.8.0/ParseStarterProject/AndroidManifest.xml:59:13-44
activity#com.parse.ummalibu.SermonDetailActivity
ADDED from Parse-Starter-Project-1.8.0/ParseStarterProject/AndroidManifest.xml:62:9-67:20
	android:windowSoftInputMode
		ADDED from Parse-Starter-Project-1.8.0/ParseStarterProject/AndroidManifest.xml:66:13-55
	android:label
		ADDED from Parse-Starter-Project-1.8.0/ParseStarterProject/AndroidManifest.xml:65:13-53
	android:configChanges
		ADDED from Parse-Starter-Project-1.8.0/ParseStarterProject/AndroidManifest.xml:64:13-59
	android:name
		ADDED from Parse-Starter-Project-1.8.0/ParseStarterProject/AndroidManifest.xml:63:13-67
activity#com.parse.ummalibu.MainActivity
ADDED from Parse-Starter-Project-1.8.0/ParseStarterProject/AndroidManifest.xml:68:9-75:20
	android:label
		ADDED from Parse-Starter-Project-1.8.0/ParseStarterProject/AndroidManifest.xml:70:13-56
	android:name
		ADDED from Parse-Starter-Project-1.8.0/ParseStarterProject/AndroidManifest.xml:69:13-59
intent-filter#android.intent.action.MAIN+android.intent.category.LAUNCHER
ADDED from Parse-Starter-Project-1.8.0/ParseStarterProject/AndroidManifest.xml:71:13-74:29
action#android.intent.action.MAIN
ADDED from Parse-Starter-Project-1.8.0/ParseStarterProject/AndroidManifest.xml:72:17-69
	android:name
		ADDED from Parse-Starter-Project-1.8.0/ParseStarterProject/AndroidManifest.xml:72:25-66
category#android.intent.category.LAUNCHER
ADDED from Parse-Starter-Project-1.8.0/ParseStarterProject/AndroidManifest.xml:73:17-77
	android:name
		ADDED from Parse-Starter-Project-1.8.0/ParseStarterProject/AndroidManifest.xml:73:27-74
activity#com.parse.ummalibu.WorshipActivity
ADDED from Parse-Starter-Project-1.8.0/ParseStarterProject/AndroidManifest.xml:76:9-81:20
	android:label
		ADDED from Parse-Starter-Project-1.8.0/ParseStarterProject/AndroidManifest.xml:80:13-59
	android:configChanges
		ADDED from Parse-Starter-Project-1.8.0/ParseStarterProject/AndroidManifest.xml:78:13-59
	android:hardwareAccelerated
		ADDED from Parse-Starter-Project-1.8.0/ParseStarterProject/AndroidManifest.xml:79:13-47
	android:name
		ADDED from Parse-Starter-Project-1.8.0/ParseStarterProject/AndroidManifest.xml:77:13-62
activity#com.parse.ummalibu.PrayerActivity
ADDED from Parse-Starter-Project-1.8.0/ParseStarterProject/AndroidManifest.xml:82:9-84:20
	android:name
		ADDED from Parse-Starter-Project-1.8.0/ParseStarterProject/AndroidManifest.xml:83:13-61
activity#com.parse.ummalibu.NewPrayerActivity
ADDED from Parse-Starter-Project-1.8.0/ParseStarterProject/AndroidManifest.xml:85:9-88:20
	android:label
		ADDED from Parse-Starter-Project-1.8.0/ParseStarterProject/AndroidManifest.xml:87:13-62
	android:name
		ADDED from Parse-Starter-Project-1.8.0/ParseStarterProject/AndroidManifest.xml:86:13-64
activity#com.parse.ummalibu.EventsActivity
ADDED from Parse-Starter-Project-1.8.0/ParseStarterProject/AndroidManifest.xml:89:9-92:20
	android:configChanges
		ADDED from Parse-Starter-Project-1.8.0/ParseStarterProject/AndroidManifest.xml:91:13-59
	android:name
		ADDED from Parse-Starter-Project-1.8.0/ParseStarterProject/AndroidManifest.xml:90:13-61
activity#com.parse.ummalibu.EventsDetailActivity
ADDED from Parse-Starter-Project-1.8.0/ParseStarterProject/AndroidManifest.xml:93:9-96:20
	android:configChanges
		ADDED from Parse-Starter-Project-1.8.0/ParseStarterProject/AndroidManifest.xml:95:13-59
	android:name
		ADDED from Parse-Starter-Project-1.8.0/ParseStarterProject/AndroidManifest.xml:94:13-67
service#com.parse.PushService
ADDED from Parse-Starter-Project-1.8.0/ParseStarterProject/AndroidManifest.xml:98:9-57
	android:name
		ADDED from Parse-Starter-Project-1.8.0/ParseStarterProject/AndroidManifest.xml:98:18-54
receiver#com.parse.ParseBroadcastReceiver
ADDED from Parse-Starter-Project-1.8.0/ParseStarterProject/AndroidManifest.xml:100:9-105:20
	android:name
		ADDED from Parse-Starter-Project-1.8.0/ParseStarterProject/AndroidManifest.xml:100:19-66
intent-filter#android.intent.action.BOOT_COMPLETED+android.intent.action.USER_PRESENT
ADDED from Parse-Starter-Project-1.8.0/ParseStarterProject/AndroidManifest.xml:101:13-104:29
action#android.intent.action.BOOT_COMPLETED
ADDED from Parse-Starter-Project-1.8.0/ParseStarterProject/AndroidManifest.xml:102:17-79
	android:name
		ADDED from Parse-Starter-Project-1.8.0/ParseStarterProject/AndroidManifest.xml:102:25-76
action#android.intent.action.USER_PRESENT
ADDED from Parse-Starter-Project-1.8.0/ParseStarterProject/AndroidManifest.xml:103:17-77
	android:name
		ADDED from Parse-Starter-Project-1.8.0/ParseStarterProject/AndroidManifest.xml:103:25-74
receiver#com.parse.GcmBroadcastReceiver
ADDED from Parse-Starter-Project-1.8.0/ParseStarterProject/AndroidManifest.xml:106:9-116:20
	android:permission
		ADDED from Parse-Starter-Project-1.8.0/ParseStarterProject/AndroidManifest.xml:108:13-73
	android:name
		ADDED from Parse-Starter-Project-1.8.0/ParseStarterProject/AndroidManifest.xml:107:13-58
intent-filter#com.google.android.c2dm.intent.RECEIVE+com.google.android.c2dm.intent.REGISTRATION+com.parse.ummalibu
ADDED from Parse-Starter-Project-1.8.0/ParseStarterProject/AndroidManifest.xml:109:13-115:29
action#com.google.android.c2dm.intent.RECEIVE
ADDED from Parse-Starter-Project-1.8.0/ParseStarterProject/AndroidManifest.xml:110:17-81
	android:name
		ADDED from Parse-Starter-Project-1.8.0/ParseStarterProject/AndroidManifest.xml:110:25-78
action#com.google.android.c2dm.intent.REGISTRATION
ADDED from Parse-Starter-Project-1.8.0/ParseStarterProject/AndroidManifest.xml:111:17-86
	android:name
		ADDED from Parse-Starter-Project-1.8.0/ParseStarterProject/AndroidManifest.xml:111:25-83
category#com.parse.ummalibu
ADDED from Parse-Starter-Project-1.8.0/ParseStarterProject/AndroidManifest.xml:114:17-63
	android:name
		ADDED from Parse-Starter-Project-1.8.0/ParseStarterProject/AndroidManifest.xml:114:27-60
receiver#com.parse.ummalibu.CustomPushBroadcastReceiver
ADDED from Parse-Starter-Project-1.8.0/ParseStarterProject/AndroidManifest.xml:117:9-125:20
	android:exported
		ADDED from Parse-Starter-Project-1.8.0/ParseStarterProject/AndroidManifest.xml:119:13-37
	android:name
		ADDED from Parse-Starter-Project-1.8.0/ParseStarterProject/AndroidManifest.xml:118:13-74
intent-filter#com.parse.push.intent.DELETE+com.parse.push.intent.OPEN+com.parse.push.intent.RECEIVE
ADDED from Parse-Starter-Project-1.8.0/ParseStarterProject/AndroidManifest.xml:120:13-124:29
action#com.parse.push.intent.RECEIVE
ADDED from Parse-Starter-Project-1.8.0/ParseStarterProject/AndroidManifest.xml:121:17-72
	android:name
		ADDED from Parse-Starter-Project-1.8.0/ParseStarterProject/AndroidManifest.xml:121:25-69
action#com.parse.push.intent.DELETE
ADDED from Parse-Starter-Project-1.8.0/ParseStarterProject/AndroidManifest.xml:122:17-71
	android:name
		ADDED from Parse-Starter-Project-1.8.0/ParseStarterProject/AndroidManifest.xml:122:25-68
action#com.parse.push.intent.OPEN
ADDED from Parse-Starter-Project-1.8.0/ParseStarterProject/AndroidManifest.xml:123:17-69
	android:name
		ADDED from Parse-Starter-Project-1.8.0/ParseStarterProject/AndroidManifest.xml:123:25-66
meta-data#com.parse.push.notification_icon
ADDED from Parse-Starter-Project-1.8.0/ParseStarterProject/AndroidManifest.xml:127:9-129:54
	android:resource
		ADDED from Parse-Starter-Project-1.8.0/ParseStarterProject/AndroidManifest.xml:129:13-51
	android:name
		ADDED from Parse-Starter-Project-1.8.0/ParseStarterProject/AndroidManifest.xml:128:13-60
meta-data#com.google.android.gms.version
ADDED from Parse-Starter-Project-1.8.0/ParseStarterProject/AndroidManifest.xml:130:9-132:69
MERGED from [com.google.android.gms:play-services-basement:8.1.0] AndroidManifest.xml:21:9-23:69
MERGED from [com.google.android.gms:play-services-basement:8.1.0] AndroidManifest.xml:21:9-23:69
	android:name
		ADDED from Parse-Starter-Project-1.8.0/ParseStarterProject/AndroidManifest.xml:131:13-58
	android:value
		ADDED from Parse-Starter-Project-1.8.0/ParseStarterProject/AndroidManifest.xml:132:13-66
meta-data#com.google.android.maps.v2.API_KEY
ADDED from Parse-Starter-Project-1.8.0/ParseStarterProject/AndroidManifest.xml:133:9-135:55
	android:name
		ADDED from Parse-Starter-Project-1.8.0/ParseStarterProject/AndroidManifest.xml:134:13-62
	android:value
		ADDED from Parse-Starter-Project-1.8.0/ParseStarterProject/AndroidManifest.xml:135:13-52
activity#com.parse.ummalibu.AboutUMActivity
ADDED from Parse-Starter-Project-1.8.0/ParseStarterProject/AndroidManifest.xml:137:9-140:20
	android:label
		ADDED from Parse-Starter-Project-1.8.0/ParseStarterProject/AndroidManifest.xml:139:13-60
	android:name
		ADDED from Parse-Starter-Project-1.8.0/ParseStarterProject/AndroidManifest.xml:138:13-62
activity#com.parse.ummalibu.CoffeeActivity
ADDED from Parse-Starter-Project-1.8.0/ParseStarterProject/AndroidManifest.xml:141:9-144:20
	android:label
		ADDED from Parse-Starter-Project-1.8.0/ParseStarterProject/AndroidManifest.xml:143:13-58
	android:name
		ADDED from Parse-Starter-Project-1.8.0/ParseStarterProject/AndroidManifest.xml:142:13-61
activity#com.parse.ummalibu.NotificationsListActivity
ADDED from Parse-Starter-Project-1.8.0/ParseStarterProject/AndroidManifest.xml:145:9-148:20
	android:label
		ADDED from Parse-Starter-Project-1.8.0/ParseStarterProject/AndroidManifest.xml:147:13-70
	android:name
		ADDED from Parse-Starter-Project-1.8.0/ParseStarterProject/AndroidManifest.xml:146:13-72
activity#com.parse.ummalibu.UmslMenuActivity
ADDED from Parse-Starter-Project-1.8.0/ParseStarterProject/AndroidManifest.xml:149:9-152:20
	android:label
		ADDED from Parse-Starter-Project-1.8.0/ParseStarterProject/AndroidManifest.xml:151:13-61
	android:name
		ADDED from Parse-Starter-Project-1.8.0/ParseStarterProject/AndroidManifest.xml:150:13-63
activity#com.parse.ummalibu.UMberActivity
ADDED from Parse-Starter-Project-1.8.0/ParseStarterProject/AndroidManifest.xml:153:9-159:20
	android:windowSoftInputMode
		ADDED from Parse-Starter-Project-1.8.0/ParseStarterProject/AndroidManifest.xml:156:13-54
	android:screenOrientation
		ADDED from Parse-Starter-Project-1.8.0/ParseStarterProject/AndroidManifest.xml:157:13-49
	android:label
		ADDED from Parse-Starter-Project-1.8.0/ParseStarterProject/AndroidManifest.xml:155:13-34
	android:configChanges
		ADDED from Parse-Starter-Project-1.8.0/ParseStarterProject/AndroidManifest.xml:158:13-74
	android:name
		ADDED from Parse-Starter-Project-1.8.0/ParseStarterProject/AndroidManifest.xml:154:13-60
activity#com.parse.ummalibu.RequestsActivity
ADDED from Parse-Starter-Project-1.8.0/ParseStarterProject/AndroidManifest.xml:160:9-164:20
	android:screenOrientation
		ADDED from Parse-Starter-Project-1.8.0/ParseStarterProject/AndroidManifest.xml:162:13-49
	android:configChanges
		ADDED from Parse-Starter-Project-1.8.0/ParseStarterProject/AndroidManifest.xml:163:13-74
	android:name
		ADDED from Parse-Starter-Project-1.8.0/ParseStarterProject/AndroidManifest.xml:161:13-63
activity#com.parse.ummalibu.RideShareActivity
ADDED from Parse-Starter-Project-1.8.0/ParseStarterProject/AndroidManifest.xml:165:9-170:20
	android:windowSoftInputMode
		ADDED from Parse-Starter-Project-1.8.0/ParseStarterProject/AndroidManifest.xml:167:13-54
	android:screenOrientation
		ADDED from Parse-Starter-Project-1.8.0/ParseStarterProject/AndroidManifest.xml:168:13-49
	android:configChanges
		ADDED from Parse-Starter-Project-1.8.0/ParseStarterProject/AndroidManifest.xml:169:13-74
	android:name
		ADDED from Parse-Starter-Project-1.8.0/ParseStarterProject/AndroidManifest.xml:166:13-64
activity#com.parse.ummalibu.TripSummaryActivity
ADDED from Parse-Starter-Project-1.8.0/ParseStarterProject/AndroidManifest.xml:171:9-174:76
	android:screenOrientation
		ADDED from Parse-Starter-Project-1.8.0/ParseStarterProject/AndroidManifest.xml:173:13-49
	android:configChanges
		ADDED from Parse-Starter-Project-1.8.0/ParseStarterProject/AndroidManifest.xml:174:13-74
	android:name
		ADDED from Parse-Starter-Project-1.8.0/ParseStarterProject/AndroidManifest.xml:172:13-66
activity#com.parse.ummalibu.LocationsActivity
ADDED from Parse-Starter-Project-1.8.0/ParseStarterProject/AndroidManifest.xml:176:9-178:56
	android:windowSoftInputMode
		ADDED from Parse-Starter-Project-1.8.0/ParseStarterProject/AndroidManifest.xml:178:13-54
	android:name
		ADDED from Parse-Starter-Project-1.8.0/ParseStarterProject/AndroidManifest.xml:177:13-64
activity#com.parse.ummalibu.LoginActivity
ADDED from Parse-Starter-Project-1.8.0/ParseStarterProject/AndroidManifest.xml:180:9-182:56
	android:windowSoftInputMode
		ADDED from Parse-Starter-Project-1.8.0/ParseStarterProject/AndroidManifest.xml:182:13-54
	android:name
		ADDED from Parse-Starter-Project-1.8.0/ParseStarterProject/AndroidManifest.xml:181:13-60
activity#com.parse.ummalibu.VenmoWebViewActivity
ADDED from Parse-Starter-Project-1.8.0/ParseStarterProject/AndroidManifest.xml:184:9-57
	android:name
		ADDED from Parse-Starter-Project-1.8.0/ParseStarterProject/AndroidManifest.xml:184:19-55
activity#com.parse.ummalibu.TumblrTalksActivity
ADDED from Parse-Starter-Project-1.8.0/ParseStarterProject/AndroidManifest.xml:186:9-188:31
	android:label
		ADDED from Parse-Starter-Project-1.8.0/ParseStarterProject/AndroidManifest.xml:188:13-29
	android:name
		ADDED from Parse-Starter-Project-1.8.0/ParseStarterProject/AndroidManifest.xml:187:13-48
provider#com.parse.ummalibu.database.DatabaseProvider
ADDED from Parse-Starter-Project-1.8.0/ParseStarterProject/AndroidManifest.xml:190:9-193:76
	android:exported
		ADDED from Parse-Starter-Project-1.8.0/ParseStarterProject/AndroidManifest.xml:192:13-37
	android:authorities
		ADDED from Parse-Starter-Project-1.8.0/ParseStarterProject/AndroidManifest.xml:193:13-73
	android:name
		ADDED from Parse-Starter-Project-1.8.0/ParseStarterProject/AndroidManifest.xml:191:13-54
uses-permission#android.permission.ACCESS_WIFI_STATE
ADDED from [com.instabug.library:instabugcore:1.7] AndroidManifest.xml:12:5-76
	android:name
		ADDED from [com.instabug.library:instabugcore:1.7] AndroidManifest.xml:12:22-73
activity#com.instabug.library.InstabugFeedbackActivity
ADDED from [com.instabug.library:instabugcore:1.7] AndroidManifest.xml:16:9-18:55
	android:windowSoftInputMode
		ADDED from [com.instabug.library:instabugcore:1.7] AndroidManifest.xml:18:13-52
	android:name
		ADDED from [com.instabug.library:instabugcore:1.7] AndroidManifest.xml:17:13-73
service#com.instabug.library.network.UploadCacheService
ADDED from [com.instabug.library:instabugcore:1.7] AndroidManifest.xml:20:9-83
	android:name
		ADDED from [com.instabug.library:instabugcore:1.7] AndroidManifest.xml:20:18-80
receiver#com.instabug.library.network.InstabugNetworkReceiver
ADDED from [com.instabug.library:instabugcore:1.7] AndroidManifest.xml:22:9-26:20
	android:name
		ADDED from [com.instabug.library:instabugcore:1.7] AndroidManifest.xml:22:19-86
intent-filter#android.net.conn.CONNECTIVITY_CHANGE
ADDED from [com.instabug.library:instabugcore:1.7] AndroidManifest.xml:23:13-25:29
action#android.net.conn.CONNECTIVITY_CHANGE
ADDED from [com.instabug.library:instabugcore:1.7] AndroidManifest.xml:24:17-79
	android:name
		ADDED from [com.instabug.library:instabugcore:1.7] AndroidManifest.xml:24:25-76
service#com.squareup.leakcanary.internal.HeapAnalyzerService
ADDED from [com.squareup.leakcanary:leakcanary-android:1.3.1] AndroidManifest.xml:28:9-31:45
	android:process
		ADDED from [com.squareup.leakcanary:leakcanary-android:1.3.1] AndroidManifest.xml:31:13-42
	android:enabled
		ADDED from [com.squareup.leakcanary:leakcanary-android:1.3.1] AndroidManifest.xml:30:13-36
	android:name
		ADDED from [com.squareup.leakcanary:leakcanary-android:1.3.1] AndroidManifest.xml:29:13-80
service#com.squareup.leakcanary.DisplayLeakService
ADDED from [com.squareup.leakcanary:leakcanary-android:1.3.1] AndroidManifest.xml:32:9-34:39
	android:enabled
		ADDED from [com.squareup.leakcanary:leakcanary-android:1.3.1] AndroidManifest.xml:34:13-36
	android:name
		ADDED from [com.squareup.leakcanary:leakcanary-android:1.3.1] AndroidManifest.xml:33:13-70
activity#com.squareup.leakcanary.internal.DisplayLeakActivity
ADDED from [com.squareup.leakcanary:leakcanary-android:1.3.1] AndroidManifest.xml:36:9-48:20
	android:label
		ADDED from [com.squareup.leakcanary:leakcanary-android:1.3.1] AndroidManifest.xml:40:13-73
	android:icon
		ADDED from [com.squareup.leakcanary:leakcanary-android:1.3.1] AndroidManifest.xml:39:13-56
	android:theme
		ADDED from [com.squareup.leakcanary:leakcanary-android:1.3.1] AndroidManifest.xml:42:13-53
	android:enabled
		ADDED from [com.squareup.leakcanary:leakcanary-android:1.3.1] AndroidManifest.xml:38:13-36
	android:taskAffinity
		ADDED from [com.squareup.leakcanary:leakcanary-android:1.3.1] AndroidManifest.xml:41:13-59
	android:name
		ADDED from [com.squareup.leakcanary:leakcanary-android:1.3.1] AndroidManifest.xml:37:13-80